Test: factorial de numeros pequenos con 2 a 17 threads
100
200
300
400
500
600
700
800
900
1000

Aprobado
--------------
Test: speed up
Intento: 1
Calculando factorial de 40000 secuencialmente
En mi computador Ryzen 3550H se demoro unos 20 segundos
Tiempo=752 milisegundos, cifras hexadecimales=138453
Calculando en paralelo con 4 threads
Deberia demorarse menos que la version secuencial
En mi computador el speed up rondaba 1.4 con 2 cores
Llamada secuencial con i=30000 j=39999
Llamada secuencial con i=10000 j=19999
Llamada secuencial con i=20000 j=29999
Llamada secuencial con i=0 j=9999
Tiempo=525 milisegundos, speed up=1.432381
Felicitaciones: aprobo este modo de ejecucion
